2025-01-29T03:48:30.742Z [INFO]: 🔄 Processing batch starting at offset 0 with concurrency 5...
2025-01-29T03:48:46.145Z [INFO]: ✅ Processed ID: 00056356-dafd-4f3f-a2d8-011890406379
2025-01-29T03:48:46.161Z [INFO]: ✅ Processed ID: 00055f19-279a-4c04-9e2a-9a7493f73e44
2025-01-29T03:48:46.287Z [INFO]: ✅ Processed ID: 00056217-59fe-47d1-9fec-325feca91de8
2025-01-29T03:48:46.373Z [INFO]: ✅ Processed ID: 0005435b-2df3-4b19-841b-fe2e202d4914
2025-01-29T03:48:46.421Z [INFO]: ✅ Processed ID: 000547d2-a056-41e0-b40f-02d50177c629
2025-01-29T03:48:54.389Z [INFO]: ✅ Processed ID: 00057bc2-b600-49a8-8b32-21f50be7127e
2025-01-29T03:48:54.560Z [INFO]: ✅ Processed ID: 0005712b-7726-49ff-9004-fc49fa86c7c6
2025-01-29T03:48:55.960Z [INFO]: ✅ Processed ID: 0005800b-b614-47fc-9c8e-5e3861b98ae0
2025-01-29T03:48:56.123Z [INFO]: ✅ Processed ID: 00056f98-4f04-4119-b526-bb0c45f73012
2025-01-29T03:48:56.520Z [INFO]: ✅ Processed ID: 00057a7d-4c39-4331-9dc1-e745de786858
2025-01-29T03:49:00.678Z [INFO]: ✅ Processed ID: 000581cf-5c9f-4e3d-8324-fc015c90e240
2025-01-29T03:49:01.897Z [INFO]: ✅ Processed ID: 0005969f-70c5-4b0a-9d53-1cb9bda55572
2025-01-29T03:49:03.320Z [INFO]: ✅ Processed ID: 00058382-335b-4b5a-821b-5404d3906f61
2025-01-29T03:49:03.923Z [INFO]: ✅ Processed ID: 0005850e-73ba-4bc2-bddb-42cf80ac53e9
2025-01-29T03:49:04.421Z [INFO]: ✅ Processed ID: 000599f2-8eb5-448f-b5d1-dd45d445d696
2025-01-29T03:49:06.595Z [INFO]: ✅ Processed ID: 00059b63-9f5b-4ade-aaea-6c616983f6bb
2025-01-29T03:49:09.746Z [INFO]: ✅ Processed ID: 00059b95-e105-415d-a987-bacd68650419
2025-01-29T03:49:11.531Z [INFO]: ✅ Processed ID: 0005b200-4c3d-4211-aff4-d6c048ca1d8c
2025-01-29T03:49:11.994Z [INFO]: ✅ Processed ID: 0005a19e-dfad-457c-8cb3-3e99bcc2cb89
2025-01-29T03:49:12.257Z [INFO]: ✅ Processed ID: 0005b32f-87f0-4e21-a4c2-ad555a1f9286
2025-01-29T03:49:12.912Z [INFO]: ✅ Processed ID: 0005b6cc-9ff1-41ff-be0d-ae814ddd5152
2025-01-29T03:49:16.564Z [INFO]: ✅ Processed ID: 0005b877-bc2d-4973-a9b0-6541bd0cdfcc
2025-01-29T03:49:20.539Z [INFO]: ✅ Processed ID: 0005c405-8e9f-445c-b3a0-f425f13ff506
2025-01-29T03:49:21.163Z [INFO]: ✅ Processed ID: 0005cc80-1fc0-43e0-a67e-af38957e84de
2025-01-29T03:49:21.648Z [INFO]: ✅ Processed ID: 0005d575-5bf0-4aff-a1ec-d45a37a8b663
2025-01-29T03:49:21.734Z [INFO]: ✅ Processed ID: 0005c694-bfa6-4e1c-b661-c028821db977
2025-01-29T03:49:22.805Z [INFO]: ✅ Processed ID: 0005e11e-9548-41c4-b0df-fbb1f2dad96a
2025-01-29T03:49:27.214Z [INFO]: ✅ Processed ID: 0005f233-94f6-4ac8-b931-d01af53afe38
2025-01-29T03:49:29.892Z [INFO]: ✅ Processed ID: 0005f4d1-f946-498a-8f15-40f098211d6a
2025-01-29T03:49:31.610Z [INFO]: ✅ Processed ID: 0005faa3-b55d-4c0f-920c-1693f3ff4962
2025-01-29T03:49:32.100Z [INFO]: ✅ Processed ID: 0005fdb5-f54c-43ae-a97c-149f8f32116d
2025-01-29T03:49:32.390Z [INFO]: ✅ Processed ID: 000604f9-6648-4494-9754-329c0d9cfca8
2025-01-29T03:49:33.221Z [INFO]: ✅ Processed ID: 00061ba4-a7cf-464d-a61f-bf64937dce1e
2025-01-29T03:49:37.127Z [INFO]: ✅ Processed ID: 00061c8a-9998-4f41-bb61-cf5082243c81
2025-01-29T03:49:40.066Z [INFO]: ✅ Processed ID: 0006376a-6fa5-4a10-94a0-acbf6fa363fd
2025-01-29T03:49:40.932Z [INFO]: ✅ Processed ID: 000644f2-8753-4ade-922f-e0612465413e
2025-01-29T03:49:41.089Z [INFO]: ✅ Processed ID: 00063a35-252b-4cc1-8264-41df6467c4e1
2025-01-29T03:49:41.504Z [INFO]: ✅ Processed ID: 000649fd-ca5e-4a35-821c-bd00105afe73
2025-01-29T03:49:44.652Z [INFO]: ✅ Processed ID: 00065530-e7a0-43d2-8e80-95a463280dbb
2025-01-29T03:49:47.451Z [INFO]: ✅ Processed ID: 00065ae2-954e-4d0f-bbf4-e05fc7d2aa43
2025-01-29T03:49:50.037Z [INFO]: ✅ Processed ID: 000670fd-56a0-44b9-b580-c32ab2042481
2025-01-29T03:49:50.504Z [INFO]: ✅ Processed ID: 00067ae8-1b86-4319-926e-53ffbb760491
2025-01-29T03:49:50.581Z [INFO]: ✅ Processed ID: 00066f76-5a2b-49a9-8dbe-5574b920f991
2025-01-29T03:49:51.107Z [INFO]: ✅ Processed ID: 00067cf5-0669-4a6c-b511-0b65f6e4640c
2025-01-29T03:49:54.476Z [INFO]: ✅ Processed ID: 000684a0-ecd3-455f-be76-e403f8c31e69
2025-01-29T03:49:56.938Z [INFO]: ✅ Processed ID: 0006861e-2c34-4702-aef6-1876aae35652
2025-01-29T03:49:59.317Z [INFO]: ✅ Processed ID: 00068d04-0649-43e9-ab34-45415da00c93
2025-01-29T03:49:59.994Z [INFO]: ✅ Processed ID: 00068faa-14bc-4f36-989c-3442492ccbc0
2025-01-29T03:50:00.033Z [INFO]: ✅ Processed ID: 00068ad2-69f3-4445-b70b-3313756beb8e
2025-01-29T03:50:00.590Z [INFO]: ✅ Processed ID: 0006956c-b9ba-4f80-95f7-4b26d1b96289
2025-01-29T03:50:03.285Z [INFO]: ✅ Processed ID: 0006a254-3b0d-4cb0-a862-710ee1f7bb6e
2025-01-29T03:50:06.797Z [INFO]: ✅ Processed ID: 0006a40f-ec5e-4943-b5cd-b56157ab6f43
2025-01-29T03:50:09.143Z [INFO]: ✅ Processed ID: 0006b2ba-9a65-4d97-8c56-6cae5343a6a1
2025-01-29T03:50:09.466Z [INFO]: ✅ Processed ID: 0006cb83-6053-4ea7-8442-876e45c17160
2025-01-29T03:50:09.546Z [INFO]: ✅ Processed ID: 0006d8f9-e3a9-4df2-b5d3-a60c1e54076d
2025-01-29T03:50:10.303Z [INFO]: ✅ Processed ID: 0006edbe-b387-43fc-b622-7dfeefbe1cd3
2025-01-29T03:50:14.151Z [INFO]: ✅ Processed ID: 0006f0a8-01b8-4455-82cb-a128f02c942d
2025-01-29T03:50:16.348Z [INFO]: ✅ Processed ID: 00070631-848a-416c-bf68-7c3740165385
2025-01-29T03:54:36.411Z [ERROR]: Error on process a single record by ID: 0007146d-7ba9-4533-8d4f-c3474eb4efe1 No connection is specified for that request.
2025-01-29T04:07:00.165Z [ERROR]: Error on process a single record by ID: 0007146d-7ba9-4533-8d4f-c3474eb4efe1 No connection is specified for that request.
2025-01-29T04:07:34.964Z [ERROR]: Error on process a single record by ID: 00073b9b-0f85-499f-93ac-88d5ea5cdbb8 No connection is specified for that request.
2025-01-29T04:14:30.865Z [INFO]: 🔄 Processing batch starting at offset 0 with concurrency 5...
2025-01-29T04:14:39.040Z [INFO]: ✅ Processed ID: 0007146d-7ba9-4533-8d4f-c3474eb4efe1
2025-01-29T04:14:39.706Z [INFO]: ✅ Processed ID: 000733a6-15bd-4a59-868a-5ef4f56a804a
2025-01-29T04:14:39.880Z [INFO]: ✅ Processed ID: 00074b64-0744-4099-953c-f17524ca5ca9
2025-01-29T04:14:40.519Z [INFO]: ✅ Processed ID: 00072a48-750a-4ac2-b0c0-f34cbb0710d0
2025-01-29T04:14:40.565Z [INFO]: ✅ Processed ID: 0007349e-7bd2-43ec-9f06-f0c6f4c7435a
2025-01-29T04:14:46.624Z [INFO]: ✅ Processed ID: 00075c82-f3f4-4f14-ae8d-5321fbc0b6ec
2025-01-29T04:14:49.416Z [INFO]: ✅ Processed ID: 000783ec-2b45-4bf5-a04d-fd640c27a805
2025-01-29T04:14:50.217Z [INFO]: ✅ Processed ID: 00075b36-724a-4996-b3e0-9e404d6e81e7
2025-01-29T04:14:50.521Z [INFO]: ✅ Processed ID: 000776de-8e86-4d79-99ad-348fd41b035d
2025-01-29T04:14:50.794Z [INFO]: ✅ Processed ID: 000785d4-2f2f-4b64-9a23-a73fffc94ef1
2025-01-29T04:14:54.239Z [INFO]: ✅ Processed ID: 00078bfc-00f4-4369-a861-0f33d67fb9c5
2025-01-29T04:14:56.016Z [INFO]: ✅ Processed ID: 000796bd-f88b-49f3-81e4-65a8c0f543c3
2025-01-29T04:14:57.625Z [INFO]: ✅ Processed ID: 0007b14c-4f09-4965-8dff-e74e7e4f625a
2025-01-30T06:48:47.694Z [ERROR]: Error on process a single record by ID: 00152a9e-a16d-45fe-bf61-058842c132f7 Failed to connect to 127.0.0.1:1433 - Could not connect (sequence)
2025-01-30T06:50:44.894Z [ERROR]: ❌ Error fetching batch:
2025-01-30T06:54:34.557Z [ERROR]: Error on process a single record by ID: 00152a9e-a16d-45fe-bf61-058842c132f7 Invalid object name 'undefined.section'.
2025-01-30T06:59:44.232Z [ERROR]: Error on process a single record by ID: 00152a9e-a16d-45fe-bf61-058842c132f7 Invalid object name 'undefined.central_handbooks.section'.
2025-01-30T07:05:44.058Z [ERROR]: Error on process a single record by ID: 001545c5-4ae7-4d49-bed9-59a6f6c7d2eb Failed to connect to host.docker.internal1:1433 - getaddrinfo ENOTFOUND host.docker.internal1
2025-01-30T08:35:27.487Z [INFO]: 🔄 Processing batch starting at offset 0 with concurrency 5...
2025-01-30T08:35:37.458Z [INFO]: ✅ Processed ID: 0007d36f-f390-4521-a3bf-90df12010f61
2025-01-30T08:35:37.870Z [INFO]: ✅ Processed ID: 0007bfb7-d850-450f-908e-f3f58df6c055
2025-01-30T08:35:38.044Z [INFO]: ✅ Processed ID: 0007bd9c-037c-42cb-99de-3f81a203ad96
2025-01-30T08:35:38.225Z [INFO]: ✅ Processed ID: 0007d20b-95b5-4fd6-a16b-deab22344352
2025-01-30T08:35:38.267Z [INFO]: ✅ Processed ID: 0007ce3b-d33e-4f50-8f53-bc026725ca64
2025-01-30T08:35:44.222Z [INFO]: ✅ Processed ID: 0007dd6f-c2d2-47ed-b40b-e1552e5a0e8c
2025-01-30T08:35:45.659Z [INFO]: ✅ Processed ID: 0007e240-c2f8-44c1-bba6-b7cb646e67c9
2025-01-30T08:35:46.566Z [INFO]: ✅ Processed ID: 0007fe1d-207f-4710-8614-f1264ad78583
2025-01-30T08:35:47.042Z [INFO]: ✅ Processed ID: 0007fe6c-6827-44b1-972b-e202c48badbf
2025-01-30T08:35:47.341Z [INFO]: ✅ Processed ID: 0007ec15-80ff-4348-a039-dbd2c2a9b44b
2025-01-30T08:35:51.676Z [INFO]: ✅ Processed ID: 0007fefc-6681-43d1-b5b6-951ba9d05ee3
2025-01-30T08:35:54.564Z [INFO]: ✅ Processed ID: 00081059-d854-4807-9142-7c62d2f28054
2025-01-30T08:35:55.034Z [INFO]: ✅ Processed ID: 000809a7-8a9d-449b-b697-2358709ac99c
2025-01-30T08:35:55.100Z [INFO]: ✅ Processed ID: 00082a09-214e-4272-9f4d-c197e8cdb5b4
2025-01-30T08:35:55.282Z [INFO]: ✅ Processed ID: 00083586-118e-4997-82fa-87f60f1538d8
2025-01-30T08:35:58.176Z [INFO]: ✅ Processed ID: 000836e1-c798-4003-91ee-ff09c77b0747
2025-01-30T08:36:01.157Z [INFO]: ✅ Processed ID: 000838e1-84cb-4b77-855a-0192eced0cfd
2025-01-30T08:36:02.893Z [INFO]: ✅ Processed ID: 00083ee9-3ea4-4e64-b1bd-03cdec467935
2025-01-30T08:36:03.646Z [INFO]: ✅ Processed ID: 000839f1-b025-49d0-918f-4b2a2347cd0c
2025-01-30T08:36:03.794Z [INFO]: ✅ Processed ID: 0008568d-31b6-4556-8f0a-b62e35e2dd76
2025-01-30T08:36:04.461Z [INFO]: ✅ Processed ID: 00085c9b-be29-4772-ac1e-02dc29804c74
2025-01-30T08:36:08.275Z [INFO]: ✅ Processed ID: 000863bb-4866-43f3-b5a4-5174dd53267c
2025-01-30T08:36:11.442Z [INFO]: ✅ Processed ID: 00087bef-7268-4514-9952-a1d40c04b21b
2025-01-30T08:36:11.609Z [INFO]: ✅ Processed ID: 00086c77-1320-41f8-9e13-6bd4e08bb743
2025-01-30T08:36:11.814Z [INFO]: ✅ Processed ID: 00086e31-b690-45a2-85e7-b63526ba9929
2025-01-30T08:36:11.882Z [INFO]: ✅ Processed ID: 000884ef-a349-4ecd-9d5a-4b034dfd5034
2025-01-30T08:36:13.136Z [INFO]: ✅ Processed ID: 0008886f-b203-49de-b75d-6de214df0fef
2025-01-30T08:36:19.258Z [INFO]: ✅ Processed ID: 00088a3a-0340-4ab0-a940-2c8e5ae66c93
2025-01-30T08:36:19.465Z [INFO]: ✅ Processed ID: 0008a188-9f5a-468b-9a91-6783bcdc3e25
2025-01-30T08:36:19.851Z [INFO]: ✅ Processed ID: 00088932-cc79-49f3-9cbc-72160095639c
2025-01-30T08:36:21.184Z [INFO]: ✅ Processed ID: 00089043-8858-46cd-9444-ab306f4e4933
2025-01-30T08:36:21.246Z [INFO]: ✅ Processed ID: 0008bff5-66ae-4c97-bb08-e199f8898e25
2025-01-30T08:36:26.346Z [INFO]: ✅ Processed ID: 0008cec0-f7ec-4801-a36e-b77c0a0f81ed
2025-01-30T08:36:28.051Z [INFO]: ✅ Processed ID: 0008c524-f3c0-4cc3-8b1a-ef905ca22318
2025-01-30T08:36:28.795Z [INFO]: ✅ Processed ID: 0008dedc-0ffd-41f3-8fed-e3ad89067a69
2025-01-30T08:36:29.307Z [INFO]: ✅ Processed ID: 0008f784-e1cd-404a-91ce-4ea900cf8b74
2025-01-30T08:36:29.435Z [INFO]: ✅ Processed ID: 0008f6e2-2492-4cdc-aad3-a9b930c4f3e1
2025-01-30T08:36:33.767Z [INFO]: ✅ Processed ID: 00090079-da8a-4b69-9c06-a79083b2d06c
2025-01-30T08:36:34.282Z [INFO]: ✅ Processed ID: 00090451-cd5a-4ff2-b696-54322f015e6a
2025-01-30T08:36:36.188Z [INFO]: ✅ Processed ID: 00091056-5899-47d6-8d8b-e433b43535a0
2025-01-30T08:36:37.044Z [INFO]: ✅ Processed ID: 00090b5b-2ac1-45f9-81d1-31b120cefbfc
2025-01-30T08:36:37.810Z [INFO]: ✅ Processed ID: 00093b31-d6f0-4020-ad27-baf81e0a8ccc
2025-01-30T08:36:39.530Z [INFO]: ✅ Processed ID: 000940d4-b085-4494-a53c-375591c6b99e
2025-01-30T08:36:41.945Z [INFO]: ✅ Processed ID: 0009533f-271a-427e-803e-ee1245d3b3a8
2025-01-30T08:36:43.397Z [INFO]: ✅ Processed ID: 00096152-0cd0-4f06-b46c-b892f05fc107
2025-01-30T08:36:43.770Z [INFO]: ✅ Processed ID: 00098fa1-3032-43a1-87c6-b3b2e07b3998
2025-01-30T08:36:44.729Z [INFO]: ✅ Processed ID: 000976c0-b2e1-4e1c-ac5a-3e26e333354e
2025-01-30T08:36:46.357Z [INFO]: ✅ Processed ID: 0009a3dc-d6e5-4bbd-98ea-5153b9aded04
2025-01-30T08:36:49.367Z [INFO]: ✅ Processed ID: 0009b34b-ad9d-4c2d-9628-74f454b338db
2025-01-30T08:36:50.054Z [INFO]: ✅ Processed ID: 0009ba1e-d70e-44b6-bab1-b07336161e05
2025-01-30T08:36:51.207Z [INFO]: ✅ Processed ID: 0009bf12-cc0a-4e3d-af73-403da3a9baec
2025-01-30T08:36:53.234Z [INFO]: ✅ Processed ID: 0009c10d-5564-450e-995c-17cff018ddf4
2025-01-30T08:36:53.249Z [INFO]: ✅ Processed ID: 0009dcae-6c83-4d88-bc5b-2ee89fc1b894
2025-01-30T08:36:56.884Z [INFO]: ✅ Processed ID: 0009ee37-999c-448d-be28-966e908ac18c
2025-01-30T08:36:56.892Z [INFO]: ✅ Processed ID: 0009e040-b2d2-4de1-8771-7f218749bccf
2025-01-30T08:36:58.540Z [INFO]: ✅ Processed ID: 0009e7f8-6d2e-4336-8af7-6508a32c8e8e
2025-01-30T08:37:00.720Z [INFO]: ✅ Processed ID: 0009eed2-8533-4fd9-85ad-ddc1d8ab91e9
2025-01-30T08:37:01.671Z [INFO]: ✅ Processed ID: 0009f180-3a54-45a8-b9a1-2e893a067596
2025-01-30T08:37:03.245Z [INFO]: ✅ Processed ID: 0009fcc1-de1d-429e-82e0-2c4ffd3e5b95
2025-01-30T08:37:04.276Z [INFO]: ✅ Processed ID: 000a0824-c4c4-461d-ad73-ffb459a03964
2025-01-30T08:37:04.510Z [INFO]: ✅ Processed ID: 000a0083-3603-4cec-8340-c502feb9c04d
2025-01-30T08:37:07.389Z [INFO]: ✅ Processed ID: 000a0d11-75cf-4691-90f8-445ac35afc19
2025-01-30T08:37:08.098Z [INFO]: ✅ Processed ID: 000a37fe-934b-4597-85df-fdaf35df3e00
2025-01-30T08:37:11.768Z [INFO]: ✅ Processed ID: 000a43d2-5a03-498e-b0bc-7c5e741c58c0
2025-01-30T08:37:12.086Z [INFO]: ✅ Processed ID: 000a43f0-2dc1-4dd9-9cbe-5de4a4a76057
2025-01-30T08:37:12.639Z [INFO]: ✅ Processed ID: 000a39e3-97b7-432a-abf1-59f2a5b5e157
2025-01-30T08:37:15.129Z [INFO]: ✅ Processed ID: 000a4890-fa52-48f6-b479-5a941a631425
2025-01-30T08:37:15.509Z [INFO]: ✅ Processed ID: 000a4b73-4af4-4ed3-8a5f-5765184f2730
2025-01-30T08:37:17.707Z [INFO]: ✅ Processed ID: 000a5047-1cd5-45db-8233-3fa1381b6399
2025-01-30T08:37:19.053Z [INFO]: ✅ Processed ID: 000a594f-09fb-412e-844e-5bb13cb1ae2f
2025-01-30T08:37:20.212Z [INFO]: ✅ Processed ID: 000a51b9-68c5-4792-8a49-eb9d96fcf7cf
2025-01-30T08:37:22.620Z [INFO]: ✅ Processed ID: 000a5f7a-d894-4bf3-aca7-8da55927646e
2025-01-30T08:37:22.918Z [INFO]: ✅ Processed ID: 000a639f-9351-4a1e-a37a-6a71c940bfa4
2025-01-30T08:37:25.195Z [INFO]: ✅ Processed ID: 000a6597-e998-445f-9df2-efe7969334e1
2025-01-30T08:37:25.915Z [INFO]: ✅ Processed ID: 000a70ca-49c0-417e-a0ad-9c1b9bde7bfd
2025-01-30T08:37:26.494Z [INFO]: ✅ Processed ID: 000a826c-b0c4-4125-828d-d8c5ea364692
2025-01-30T08:37:29.532Z [INFO]: ✅ Processed ID: 000a8bb2-8459-487b-a186-439bf7afe1d8
2025-01-30T08:37:30.486Z [INFO]: ✅ Processed ID: 000aa17e-f025-45e9-8a80-edb987cacd4d
2025-01-30T08:37:32.747Z [INFO]: ✅ Processed ID: 000aa266-54fd-4f91-997c-0dae8d10bfdf
2025-01-30T08:37:33.526Z [INFO]: ✅ Processed ID: 000aa3c9-2394-484c-9f3b-2a3de1b2f398
2025-01-30T08:37:34.599Z [INFO]: ✅ Processed ID: 000aa79a-bbbd-4df9-a51f-dcd6d8350787
2025-01-30T08:37:37.621Z [INFO]: ✅ Processed ID: 000aaa15-8e3c-48e9-ac59-b05ee35d3fe2
2025-01-30T08:37:38.352Z [INFO]: ✅ Processed ID: 000aedc3-ff4c-4468-99cd-89e68a42ac0b
2025-01-30T08:37:38.382Z [INFO]: ✅ Processed ID: 000aee10-83a1-42fc-b7e7-5ab5f6bd7cdf
2025-01-30T08:37:41.668Z [INFO]: ✅ Processed ID: 000af38d-85c8-45eb-868a-e9d1c0c90ac7
2025-01-30T08:37:42.551Z [INFO]: ✅ Processed ID: 000af466-77d3-4e23-8bea-b139c4625149
2025-01-30T08:37:44.501Z [INFO]: ✅ Processed ID: 000b02a2-2c0a-44f7-9bbc-c370d23507d3
2025-01-30T08:37:45.081Z [INFO]: ✅ Processed ID: 000b0942-8f59-44f3-8e1a-1163accd3147
2025-01-30T08:37:45.687Z [INFO]: ✅ Processed ID: 000b0e5f-a54f-42db-9eba-c315b44cffda
2025-01-30T08:37:47.632Z [INFO]: ✅ Processed ID: 000b1813-2ab0-4e9b-9c1c-28462dc350c8
2025-01-30T08:37:50.462Z [INFO]: ✅ Processed ID: 000b19c0-5020-445b-9f06-a068f1444b80
2025-01-30T08:37:53.106Z [INFO]: ✅ Processed ID: 000b1c2c-5e58-45c2-89f0-9a4aaa8462c4
2025-01-30T08:37:53.349Z [INFO]: ✅ Processed ID: 000b25cd-6e43-419f-9eb6-17846e486f75
2025-01-30T08:37:53.874Z [INFO]: ✅ Processed ID: 000b1f35-0390-4de7-b2aa-71c4b7c7cc35
2025-01-30T08:37:54.030Z [INFO]: ✅ Processed ID: 000b25fd-28f6-49b2-b9a9-060500cba08b
2025-01-30T08:37:57.780Z [INFO]: ✅ Processed ID: 000b2ee4-3840-47d7-9dbe-55d5a72c9ed1
2025-01-30T08:37:59.826Z [INFO]: ✅ Processed ID: 000b3217-af16-4248-bd31-68962e66116c
2025-01-30T08:38:00.072Z [INFO]: ✅ Processed ID: 000b44c2-1dda-4067-9ea9-894a9d93cd98
2025-01-30T08:38:00.340Z [INFO]: ✅ Processed ID: 000b431d-ea5a-4e7f-8460-304c66654ac4
2025-01-30T08:38:00.508Z [INFO]: ✅ Processed ID: 000b4674-f286-403d-ba01-d04efdbe3a3f
2025-01-30T08:38:00.508Z [INFO]: ✅ Batch completed. Fetching next batch...
2025-01-30T08:38:00.529Z [INFO]: 🔄 Processing batch starting at offset 100 with concurrency 5...
2025-01-30T08:38:07.112Z [INFO]: ✅ Processed ID: 000f871d-7325-4e74-9188-2bbd74ad26dc
2025-01-30T08:38:08.918Z [INFO]: ✅ Processed ID: 000f69f6-a228-431d-8618-8f9e1ac3c3f3
2025-01-30T08:38:09.032Z [INFO]: ✅ Processed ID: 000f79e2-d1d2-4450-8ac1-d06380cdaaf8
2025-01-30T08:38:09.789Z [INFO]: ✅ Processed ID: 000f8e22-95bc-49c2-af1a-2181385482ed
2025-01-30T08:38:10.607Z [INFO]: ✅ Processed ID: 000f9072-6227-4898-8ebc-19ec6a5398cb
